[01:06:51] step=start tasks=1 dry_run=True
[01:06:59] step=start tasks=1 dry_run=False
[01:06:59] step=login
[01:07:00] step=login done
[01:07:00] OK 1/1 cr_film_id=632 video=23980148 'Medvěd (1988) CZ Dabing HD' http=200 len=10367
[01:07:00] step=done tasks=1 ok=1 fail=0 dur=0.1s
[01:08:12] step=start tasks=1 dry_run=False
[01:08:12] step=login
[01:08:13] step=login done
[01:08:13] OK 1/1 cr_film_id=632 video=23980148 'Medvěd (1988) CZ Dabing HD' http=200 len=10330
[01:08:13] step=done tasks=1 ok=1 fail=0 dur=0.1s
[01:19:14] step=start tasks=168 dry_run=False
[01:19:14] step=login
[01:19:15] step=login done
[01:19:15] OK 1/168 cr_film_id=1268 video=23979886 'Диџеј Ахмет (2025) CZ Dabing HD' http=200 len=10317
[01:19:15] OK 2/168 cr_film_id=168 video=23980063 'Umění létat 3D (2011) CZ Dabing HD' http=200 len=10317
[01:19:16] OK 3/168 cr_film_id=632 video=23980148 'Medvěd (1988) CZ Dabing HD' http=200 len=10317
[01:19:17] OK 4/168 cr_film_id=270 video=23980205 'Přátelé: Zase spolu (2021) CZ Dabing HD' http=200 len=10317
[01:19:17] OK 5/168 cr_film_id=2491 video=23980254 'Bláznivá střela 2 a ½: Vůně strachu (1991) CZ Dabing HD' http=200 len=10317
[01:19:29] OK 25/168 cr_film_id=1643 video=23982333 'Minamata (2020) CZ Dabing HD' http=200 len=10313
[01:19:45] OK 50/168 cr_film_id=4584 video=24020265 'Svět podle Muchy (2020) CZ HD' http=200 len=10313
[01:20:01] OK 75/168 cr_film_id=6720 video=24021048 'Kajínek (2010) CZ HD' http=200 len=10326
[01:20:23] OK 100/168 cr_film_id=5856 video=24022107 'Black Adam (2022) CZ Dabing HD' http=200 len=10322
[01:20:38] OK 125/168 cr_film_id=6518 video=24024418 'Blue Beetle (2023) CZ Dabing HD' http=200 len=10322
[01:20:54] OK 150/168 cr_film_id=7957 video=24026762 'Vánoční rande mého táty (2020) CZ Dabing HD' http=200 len=10312
[01:21:07] step=done tasks=168 ok=168 fail=0 dur=111.9s
[02:57:48] step=start tasks=263 dry_run=False
[02:57:48] step=login
[02:57:48] step=login done
[02:57:48] OK 1/263 cr_film_id=1268 video=23979886 'Диџеј Ахмет (2025) CZ Dabing HD' http=200 len=10360
[02:57:49] OK 2/263 cr_film_id=168 video=23980063 'Umění létat 3D (2011) CZ Dabing HD' http=200 len=10360
[02:57:50] OK 3/263 cr_film_id=632 video=23980148 'Medvěd (1988) CZ Dabing HD' http=200 len=10360
[02:57:50] OK 4/263 cr_film_id=270 video=23980205 'Přátelé: Zase spolu (2021) CZ Dabing HD' http=200 len=10360
[02:57:51] OK 5/263 cr_film_id=2491 video=23980254 'Bláznivá střela 2 a ½: Vůně strachu (1991) CZ Dabing HD' http=200 len=10360
[02:58:03] OK 25/263 cr_film_id=1643 video=23982333 'Minamata (2020) CZ Dabing HD' http=200 len=10360
[02:58:20] OK 50/263 cr_film_id=4584 video=24020265 'Svět podle Muchy (2020) CZ HD' http=200 len=10360
[02:58:36] OK 75/263 cr_film_id=6720 video=24021048 'Kajínek (2010) CZ HD' http=200 len=10360
[02:58:52] OK 100/263 cr_film_id=5856 video=24022107 'Black Adam (2022) CZ Dabing HD' http=200 len=10360
[02:59:08] OK 125/263 cr_film_id=6518 video=24024418 'Blue Beetle (2023) CZ Dabing HD' http=200 len=10360
[02:59:23] OK 150/263 cr_film_id=7957 video=24026762 'Vánoční rande mého táty (2020) CZ Dabing HD' http=200 len=10360
[02:59:39] OK 175/263 cr_film_id=9530 video=24030678 'Vrátná (2020) CZ Dabing HD' http=200 len=10360
[02:59:54] OK 200/263 cr_film_id=10671 video=24032829 'Frigo jako Sherlock Holmes (1924) CZ Dabing HD' http=200 len=10360
[03:00:09] OK 225/263 cr_film_id=15405 video=24034541 'An Egypt Affair (2023) CZ Dabing HD' http=200 len=10360
[03:00:25] OK 250/263 cr_film_id=14916 video=24036357 'Zlodějka života (2021) CZ Dabing HD' http=200 len=10360
[03:00:33] step=done tasks=263 ok=263 fail=0 dur=164.2s
[11:28:08] step=start tasks=263 dry_run=False
[11:28:08] step=login
[11:28:09] step=login done
[11:28:09] OK 1/263 cr_film_id=1268 video=23979886 'Диџеј Ахмет (2025) CZ Dabing' http=200 len=10336
[11:28:09] OK 2/263 cr_film_id=168 video=23980063 'Umění létat 3D (2011) CZ Dabing' http=200 len=10336
[11:28:10] OK 3/263 cr_film_id=632 video=23980148 'Medvěd (1988) CZ Dabing' http=200 len=10336
[11:28:10] OK 4/263 cr_film_id=270 video=23980205 'Přátelé: Zase spolu (2021) CZ Dabing' http=200 len=10336
[11:28:11] OK 5/263 cr_film_id=2491 video=23980254 'Bláznivá střela 2 a ½: Vůně strachu (1991) CZ Dabing' http=200 len=10336
[11:28:18] OK 25/263 cr_film_id=1643 video=23982333 'Minamata (2020) CZ Dabing' http=200 len=10336
[11:28:28] OK 50/263 cr_film_id=4584 video=24020265 'Svět podle Muchy (2020) CZ' http=200 len=10332
[11:28:39] OK 75/263 cr_film_id=6720 video=24021048 'Kajínek (2010) CZ' http=200 len=10332
[11:28:49] OK 100/263 cr_film_id=5856 video=24022107 'Black Adam (2022) CZ Dabing' http=200 len=10332
[11:28:59] OK 125/263 cr_film_id=6518 video=24024418 'Blue Beetle (2023) CZ Dabing' http=200 len=10332
[11:29:09] OK 150/263 cr_film_id=7957 video=24026762 'Vánoční rande mého táty (2020) CZ Dabing' http=200 len=10317
[11:29:21] OK 175/263 cr_film_id=9530 video=24030678 'Vrátná (2020) CZ Dabing' http=200 len=10317
[11:29:32] OK 200/263 cr_film_id=10671 video=24032829 'Frigo jako Sherlock Holmes (1924) CZ Dabing' http=200 len=10317
[11:29:42] OK 225/263 cr_film_id=15405 video=24034541 'An Egypt Affair (2023) CZ Dabing' http=200 len=10317
[11:29:52] OK 250/263 cr_film_id=14916 video=24036357 'Zlodějka života (2021) CZ Dabing' http=200 len=10317
[11:29:57] step=done tasks=263 ok=263 fail=0 dur=108.6s
[12:09:52] step=start tasks=352 dry_run=False
[12:09:52] step=login
[12:09:53] step=login done
[12:09:53] OK 1/352 cr_film_id=1268 video=23979886 'Диџеј Ахмет (2025) CZ Dabing' http=200 len=10263
[12:09:53] OK 2/352 cr_film_id=168 video=23980063 'Umění létat 3D (2011) CZ Dabing' http=200 len=10263
[12:09:54] OK 3/352 cr_film_id=632 video=23980148 'Medvěd (1988) CZ Dabing' http=200 len=10263
[12:09:54] OK 4/352 cr_film_id=270 video=23980205 'Přátelé: Zase spolu (2021) CZ Dabing' http=200 len=10263
[12:09:55] OK 5/352 cr_film_id=2491 video=23980254 'Bláznivá střela 2 a ½: Vůně strachu (1991) CZ Dabing' http=200 len=10263
[12:10:03] OK 25/352 cr_film_id=1643 video=23982333 'Minamata (2020) CZ Dabing' http=200 len=10263
[12:10:13] OK 50/352 cr_film_id=4584 video=24020265 'Svět podle Muchy (2020) CZ' http=200 len=10263
[12:10:23] OK 75/352 cr_film_id=6720 video=24021048 'Kajínek (2010) CZ' http=200 len=10263
[12:10:33] OK 100/352 cr_film_id=5856 video=24022107 'Black Adam (2022) CZ Dabing' http=200 len=10263
[12:10:43] OK 125/352 cr_film_id=6518 video=24024418 'Blue Beetle (2023) CZ Dabing' http=200 len=10263
[12:10:54] OK 150/352 cr_film_id=7957 video=24026762 'Vánoční rande mého táty (2020) CZ Dabing' http=200 len=10263
[12:11:04] OK 175/352 cr_film_id=9530 video=24030678 'Vrátná (2020) CZ Dabing' http=200 len=10263
[12:11:14] OK 200/352 cr_film_id=10671 video=24032829 'Frigo jako Sherlock Holmes (1924) CZ Dabing' http=200 len=10263
[12:11:25] OK 225/352 cr_film_id=15405 video=24034541 'An Egypt Affair (2023) CZ Dabing' http=200 len=10263
[12:11:35] OK 250/352 cr_film_id=14916 video=24036357 'Zlodějka života (2021) CZ Dabing' http=200 len=10263
[12:11:46] OK 275/352 cr_film_id=10567 video=24046305 'Když promluvila (2022) CZ' http=200 len=10263
[12:11:56] OK 300/352 cr_film_id=11042 video=24047564 'Banáni (1971) CZ Dabing' http=200 len=10263
[12:12:06] OK 325/352 cr_film_id=16661 video=24048787 'Dva milenci a medvěd (2016) CZ Dabing' http=200 len=10263
[12:12:16] OK 350/352 cr_film_id=16982 video=24050618 'Vraždy podle Solveig: Němá svědkyně (2016) CZ Dabing' http=200 len=10239
[12:12:17] step=done tasks=352 ok=352 fail=0 dur=144.2s
